[godwinausten.site/casestudies/cleandrive.html]
[backblue.gif]
[fade.gif]
[index.html]
[cdn.jsdelivr.net/npm/slick-carousel@1.8.1/slick/slick.css]
[cdn.jsdelivr.net/npm/slick-carousel@1.8.1/slick/slick-theme.css]
[cdn.jsdelivr.net/npm/simple-parallax-js@5.5.1/dist/simpleParallax.min.js]
[cdnjs.cloudflare.com/ajax/libs/animejs/2.0.2/anime.min.js]
[cdnjs.cloudflare.com/ajax/libs/ScrollMagic/2.0.7/ScrollMagic.min.js]
[cdnjs.cloudflare.com/ajax/libs/ScrollMagic/2.0.7/plugins/debug.addIndicators.min.js]
[godwinausten.site/hs-fs/hub/39930638/hub_generated/template_assets/139735722270/1697045124834/theme-challenge_copy/css/main.min.css]
[godwinausten.site/hs-fs/hub/39930638/hub_generated/template_assets/139735722288/1697045835397/theme-challenge_copy/css/theme-overrides.min.css]
[godwinausten.site/hs-fs/hub/39930638/hub_generated/module_assets/1697043943266/module_139719097862_Menu_Section.css]
[godwinausten.site/hs-fs/hub/39930638/hub_generated/module_assets/139735720255/1697043943120/module_139735720255_Content_Timeline.min.css]
[godwinausten.site/hs-fs/hub/39930638/hub_generated/module_assets/139718698332/1697043944515/module_139718698332_Social_Follow.min.css]
[godwinausten.site/hs-fs/hubfs/Website Data/sign4658.png]
[godwinausten.site/hs-fs/hubfs/image58c7.png]
[godwinausten.site/casestudies/ceoc6eb]
[godwinausten.site/hubfs/raw_assets/public/theme-challenge copy/images/blue_lady_background_jobbies (1).png]
[godwinausten.site/hubfs/Screen Shot 2023-11-30 at 1.29.50 PM.png]
[395201.fs1.hubspotusercontent-na1.net/hubfs/395201/blue_lady_background_jobbies (1).png]
[godwinausten.site/hubfs/Screen Shot 2023-11-30 at 8.00.07 PM.png]
[godwinausten.site/hubfs/Screen Shot 2023-11-30 at 1.10.15 PM copy.png]
[godwinausten.site/hs-fs/hubfs/Screen Shot 2023-12-02 at 2.39.45 PM2748.png]
[static.hsappstatic.net/content-cwv-embed/static-1.840/embed.js]
[godwinausten.site/hs-fs/hub/39930638/hub_generated/template_assets/139735722325/1697045151394/theme-challenge_copy/js/jquery-3.5.1.min.js]
[godwinausten.site/hs-fs/hub/39930638/hub_generated/template_assets/139736927755/1697045153642/theme-challenge_copy/js/main.min.js]
[godwinausten.site/hs-fs/hub/39930638/hub_generated/template_assets/139719492430/1697043357025/theme-challenge_copy/child.min.js]
[godwinausten.site/hs-fs/hub/39930638/hub_generated/template_assets/139719099550/1697045155019/theme-challenge_copy/js/init.min.js]
[godwinausten.site/hs/hsstatic/cos-i18n/static-1.53/bundles/project.js]
[godwinausten.site/hs-fs/hub/39930638/hub_generated/module_assets/139719097862/1697043943233/module_139719097862_Menu_Section.min.js]
[godwinausten.site/hs-fs/hub/39930638/hub_generated/module_assets/139718698325/1697043942813/module_139718698325_Hero_Section.min.js]
[godwinausten.site/hs/scriptloader/39930638.js]
[godwinausten.site/hs/hsstatic/HubspotToolsMenu/static-1.321/js/index.js]
[godwinausten.site/casestudies/cleandrive.html]
[cdn.jsdelivr.net/npm/slick-carousel@1.8.1/slick/slick.css]
[cdn.jsdelivr.net/npm/slick-carousel@1.8.1/slick/slick.min.js]
[cdn.jsdelivr.net/npm/slick-carousel@1.8.1/slick/ajax-loader.gif]
[cdn.jsdelivr.net/npm/slick-carousel@1.8.1/slick/fonts/slick.eot]
[cdn.jsdelivr.net/npm/slick-carousel@1.8.1/slick/fonts/slickd41d.eot]
[cdn.jsdelivr.net/npm/slick-carousel@1.8.1/slick/fonts/slick.woff]
[cdn.jsdelivr.net/npm/slick-carousel@1.8.1/slick/fonts/slick.ttf]
[cdn.jsdelivr.net/npm/slick-carousel@1.8.1/slick/slick-theme.css]
[cdn.jsdelivr.net/npm/slick-carousel@1.8.1/slick/fonts/slick.svg]
[6326501.fs1.hubspotusercontent-na1.net/hubfs/6326501/boilerplate/grayscale-mountain.png]
[godwinausten.site/hs-fs/hub/39930638/hub_generated/template_assets/139735722270/1697045124834/theme-challenge_copy/css/main.min.css]
[godwinausten.site/hs-fs/hub/39930638/hub_generated/template_assets/139735722288/1697045835397/theme-challenge_copy/css/theme-overrides.min.css]
[godwinausten.site/hs-fs/hub/39930638/hub_generated/template_assets/139719032166/1697043346985/theme-challenge_copy/child.min.css]
[godwinausten.site/hs-fs/hub/39930638/hub_generated/module_assets/1697043943266/module_139719097862_Menu_Section.css]
[godwinausten.site/hs-fs/hub/39930638/hub_generated/module_assets/139735720255/1697043943120/module_139735720255_Content_Timeline.min.css]
[godwinausten.site/hs-fs/hub/39930638/hub_generated/module_assets/148764965208/1701954991755/module_148764965208_Section_copy_2.min.css]
[godwinausten.site/hs-fs/hub/39930638/hub_generated/module_assets/139718698332/1697043944515/module_139718698332_Social_Follow.min.css]
[godwinausten.site/casestudies/ceoc6eb.html]
[cdn.jsdelivr.net/npm/slick-carousel@1.8.1/slick/fonts/slick.svg]
